

Microchip Technology PIC18 LITE Macro Assembler V1.35 build -356382666 
                                                                                               Sat Jul 25 02:12:32 2020

Microchip Technology Omniscient Code Generator v1.35 (Free mode) build 201507080246
     1                           	processor	18F4550
     2                           	fnconf	rparam,??,?,0
     3                           	opt	pw 120
     4                           	opt	lm
     5                           	psect	smallconst,global,reloc=2,class=SMALLCONST,delta=1
     6                           	psect	cinit,global,reloc=2,class=CODE,delta=1
     7                           	psect	cstackCOMRAM,global,class=COMRAM,space=1,delta=1
     8                           	psect	text0,global,reloc=2,class=CODE,delta=1
     9                           	psect	intcode,global,reloc=2,class=CODE,delta=1
    10                           	psect	intcode_body,global,reloc=2,class=CODE,delta=1
    11                           	psect	intsave_regs,global,class=BIGRAM,space=1,delta=1
    12                           	psect	rparam,global,class=COMRAM,space=1,delta=1
    13                           	psect	temp,global,ovrld,common,class=COMRAM,space=1,delta=1
    14  0000                     
    15                           	psect	smallconst
    16  00101A                     __psmallconst:
    17                           	opt stack 0
    18  00101A  00                 	db	0
    19  00101B                     getkey@F4444:
    20                           	opt stack 0
    21  00101B  31                 	db	49
    22  00101C  32                 	db	50
    23  00101D  33                 	db	51
    24  00101E  46                 	db	70
    25  00101F  34                 	db	52
    26  001020  35                 	db	53
    27  001021  36                 	db	54
    28  001022  45                 	db	69
    29  001023  37                 	db	55
    30  001024  38                 	db	56
    31  001025  39                 	db	57
    32  001026  44                 	db	68
    33  001027  41                 	db	65
    34  001028  30                 	db	48
    35  001029  42                 	db	66
    36  00102A  43                 	db	67
    37  00102B  20                 	db	32
    38  00102C  00                 	db	0
    39  00102D                     __end_ofgetkey@F4444:
    40                           	opt stack 0
    41  0000                     _INTCONbits	set	4082
    42  0000                     _PORTB	set	3969
    43  0000                     _PORTBbits	set	3969
    44  0000                     _PORTD	set	3971
    45  0000                     _PORTDbits	set	3971
    46  0000                     _T0CON	set	4053
    47  0000                     _TMR0H	set	4055
    48  0000                     _TMR0L	set	4054
    49  0000                     _TRISD	set	3989
    50  0000                     _TRISDbits	set	3989
    51  00102D  00                 	db	0	; dummy byte at the end
    52  0000                     
    53                           ; #config settings
    54                           
    55                           	psect	cinit
    56  0010C2                     __pcinit:
    57                           	opt stack 0
    58  0010C2                     start_initialization:
    59                           	opt stack 0
    60  0010C2                     __initialization:
    61                           	opt stack 0
    62  0010C2                     end_of_initialization:
    63                           	opt stack 0
    64  0010C2                     __end_of__initialization:
    65                           	opt stack 0
    66  0010C2  9010               	bcf	int$flags,0,c	;clear compiler interrupt flag (level 1)
    67  0010C4  9210               	bcf	int$flags,1,c	;clear compiler interrupt flag (level 2)
    68  0010C6  0E00               	movlw	low (__Lsmallconst shr (0+16))
    69  0010C8  6EF8               	movwf	tblptru,c
    70  0010CA  0E10               	movlw	high __Lsmallconst
    71  0010CC  6EF7               	movwf	tblptrh,c
    72  0010CE  0100               	movlb	0
    73  0010D0  EF6A  F008         	goto	_main	;jump to C main() function
    74                           tblptru	equ	0xFF8
    75                           tblptrh	equ	0xFF7
    76                           
    77                           	psect	cstackCOMRAM
    78  000001                     __pcstackCOMRAM:
    79                           	opt stack 0
    80  000001                     ??_clockcounter:
    81                           
    82                           ; 0 bytes @ 0x0
    83  000001                     	ds	15
    84  000010                     tblptru	equ	0xFF8
    85                           tblptrh	equ	0xFF7
    86                           
    87                           ; 0 bytes @ 0xF
    88 ;;
    89 ;;Main: autosize = 0, tempsize = 0, incstack = 0, save=0
    90 ;;
    91 ;; *************** function _main *****************
    92 ;; Defined at:
    93 ;;		line 19 in file "Test2.c"
    94 ;; Parameters:    Size  Location     Type
    95 ;;		None
    96 ;; Auto vars:     Size  Location     Type
    97 ;;		None
    98 ;; Return value:  Size  Location     Type
    99 ;;		None               void
   100 ;; Registers used:
   101 ;;		wreg, status,2
   102 ;; Tracked objects:
   103 ;;		On entry : 0/0
   104 ;;		On exit  : 0/0
   105 ;;		Unchanged: 0/0
   106 ;; Data sizes:     COMRAM   BANK0   BANK1   BANK2   BANK3   BANK4   BANK5   BANK6   BANK7
   107 ;;      Params:         0       0       0       0       0       0       0       0       0
   108 ;;      Locals:         0       0       0       0       0       0       0       0       0
   109 ;;      Temps:          0       0       0       0       0       0       0       0       0
   110 ;;      Totals:         0       0       0       0       0       0       0       0       0
   111 ;;Total ram usage:        0 bytes
   112 ;; Hardware stack levels required when called:    1
   113 ;; This function calls:
   114 ;;		Nothing
   115 ;; This function is called by:
   116 ;;		Startup code after reset
   117 ;; This function uses a non-reentrant model
   118 ;;
   119                           
   120                           	psect	text0
   121  0010D4                     __ptext0:
   122                           	opt stack 0
   123  0010D4                     _main:
   124                           	opt stack 30
   125                           
   126                           ;Test2.c: 20: TRISDbits.RD0 = 0;
   127                           
   128                           ;incstack = 0
   129  0010D4  9095               	bcf	3989,0,c	;volatile
   130                           
   131                           ;Test2.c: 21: T0CON = 0b10000111;
   132  0010D6  0E87               	movlw	135
   133  0010D8  6ED5               	movwf	4053,c	;volatile
   134                           
   135                           ;Test2.c: 22: INTCONbits.GIE = 1;
   136  0010DA  8EF2               	bsf	intcon,7,c	;volatile
   137                           
   138                           ;Test2.c: 23: INTCONbits.TMR0IE = 1;
   139  0010DC  8AF2               	bsf	intcon,5,c	;volatile
   140  0010DE  EF0B  F008         	goto	start
   141  0010E2                     __end_of_main:
   142                           	opt stack 0
   143                           tblptru	equ	0xFF8
   144                           tblptrh	equ	0xFF7
   145                           intcon	equ	0xFF2
   146                           
   147 ;; *************** function _clockcounter *****************
   148 ;; Defined at:
   149 ;;		line 28 in file "Test2.c"
   150 ;; Parameters:    Size  Location     Type
   151 ;;		None
   152 ;; Auto vars:     Size  Location     Type
   153 ;;		None
   154 ;; Return value:  Size  Location     Type
   155 ;;		None               void
   156 ;; Registers used:
   157 ;;		wreg, status,2, status,0
   158 ;; Tracked objects:
   159 ;;		On entry : 0/0
   160 ;;		On exit  : 0/0
   161 ;;		Unchanged: 0/0
   162 ;; Data sizes:     COMRAM   BANK0   BANK1   BANK2   BANK3   BANK4   BANK5   BANK6   BANK7
   163 ;;      Params:         0       0       0       0       0       0       0       0       0
   164 ;;      Locals:         0       0       0       0       0       0       0       0       0
   165 ;;      Temps:         15       0       0       0       0       0       0       0       0
   166 ;;      Totals:        15       0       0       0       0       0       0       0       0
   167 ;;Total ram usage:       15 bytes
   168 ;; Hardware stack levels used:    1
   169 ;; This function calls:
   170 ;;		Nothing
   171 ;; This function is called by:
   172 ;;		Interrupt level 2
   173 ;; This function uses a non-reentrant model
   174 ;;
   175                           
   176                           	psect	intcode
   177  001008                     __pintcode:
   178                           	opt stack 0
   179  001008                     _clockcounter:
   180                           	opt stack 30
   181                           
   182                           ;incstack = 0
   183  001008  8210               	bsf	btemp,1,c	;set compiler interrupt flag (level 2)
   184  00100A  CFFA F002          	movff	pclath,??_clockcounter+1
   185  00100E  CFFB F003          	movff	pclatu,??_clockcounter+2
   186  001012  ED17  F008         	call	int_func,f	;refresh shadow registers
   187                           pclatu	equ	0xFFB
   188                           pclath	equ	0xFFA
   189                           tblptru	equ	0xFF8
   190                           tblptrh	equ	0xFF7
   191                           intcon	equ	0xFF2
   192                           
   193                           	psect	intcode_body
   194  00102E                     __pintcode_body:
   195                           	opt stack 30
   196  00102E                     int_func:
   197                           	opt stack 30
   198  00102E  0006               	pop		; remove dummy address from shadow register refresh
   199  001030  CFE9 F004          	movff	fsr0l,??_clockcounter+3
   200  001034  CFEA F005          	movff	fsr0h,??_clockcounter+4
   201  001038  CFE1 F006          	movff	fsr1l,??_clockcounter+5
   202  00103C  CFE2 F007          	movff	fsr1h,??_clockcounter+6
   203  001040  CFD9 F008          	movff	fsr2l,??_clockcounter+7
   204  001044  CFDA F009          	movff	fsr2h,??_clockcounter+8
   205  001048  CFF3 F00A          	movff	prodl,??_clockcounter+9
   206  00104C  CFF4 F00B          	movff	prodh,??_clockcounter+10
   207  001050  CFF6 F00C          	movff	tblptrl,??_clockcounter+11
   208  001054  CFF7 F00D          	movff	tblptrh,??_clockcounter+12
   209  001058  CFF8 F00E          	movff	tblptru,??_clockcounter+13
   210  00105C  CFF5 F00F          	movff	tablat,??_clockcounter+14
   211                           
   212                           ;Test2.c: 29: INTCONbits.TMR0IF = 0;
   213  001060  94F2               	bcf	intcon,2,c	;volatile
   214                           
   215                           ;Test2.c: 30: TMR0H = 0x6D;
   216  001062  0E6D               	movlw	109
   217  001064  6ED7               	movwf	4055,c	;volatile
   218                           
   219                           ;Test2.c: 31: TMR0L = 0x84;
   220  001066  0E84               	movlw	132
   221  001068  6ED6               	movwf	4054,c	;volatile
   222  00106A                     i2l78:
   223  00106A  A4F2               	btfss	intcon,2,c	;volatile
   224  00106C  D7FE               	goto	i2l78
   225                           
   226                           ;Test2.c: 33: PORTDbits.RD0 = ~ PORTDbits.RD0;
   227  00106E  A083               	btfss	3971,0,c	;volatile
   228  001070  D002               	goto	i2u13_40
   229  001072  0E01               	movlw	1
   230  001074  D001               	goto	i2u13_46
   231  001076                     i2u13_40:
   232  001076  0E00               	movlw	0
   233  001078                     i2u13_46:
   234  001078  0AFF               	xorlw	255
   235  00107A  6E01               	movwf	??_clockcounter& (0+255),c
   236  00107C  5083               	movf	3971,w,c	;volatile
   237  00107E  1801               	xorwf	??_clockcounter,w,c
   238  001080  0BFE               	andlw	-2
   239  001082  1801               	xorwf	??_clockcounter,w,c
   240  001084  6E83               	movwf	3971,c	;volatile
   241  001086  C00F  FFF5         	movff	??_clockcounter+14,tablat
   242  00108A  C00E  FFF8         	movff	??_clockcounter+13,tblptru
   243  00108E  C00D  FFF7         	movff	??_clockcounter+12,tblptrh
   244  001092  C00C  FFF6         	movff	??_clockcounter+11,tblptrl
   245  001096  C00B  FFF4         	movff	??_clockcounter+10,prodh
   246  00109A  C00A  FFF3         	movff	??_clockcounter+9,prodl
   247  00109E  C009  FFDA         	movff	??_clockcounter+8,fsr2h
   248  0010A2  C008  FFD9         	movff	??_clockcounter+7,fsr2l
   249  0010A6  C007  FFE2         	movff	??_clockcounter+6,fsr1h
   250  0010AA  C006  FFE1         	movff	??_clockcounter+5,fsr1l
   251  0010AE  C005  FFEA         	movff	??_clockcounter+4,fsr0h
   252  0010B2  C004  FFE9         	movff	??_clockcounter+3,fsr0l
   253  0010B6  C003  FFFB         	movff	??_clockcounter+2,pclatu
   254  0010BA  C002  FFFA         	movff	??_clockcounter+1,pclath
   255  0010BE  9210               	bcf	btemp,1,c	;clear compiler interrupt flag (level 2)
   256  0010C0  0011               	retfie		f
   257  0010C2                     __end_of_clockcounter:
   258                           	opt stack 0
   259                           pclatu	equ	0xFFB
   260                           pclath	equ	0xFFA
   261                           tblptru	equ	0xFF8
   262                           tblptrh	equ	0xFF7
   263                           tblptrl	equ	0xFF6
   264                           tablat	equ	0xFF5
   265                           prodh	equ	0xFF4
   266                           prodl	equ	0xFF3
   267                           intcon	equ	0xFF2
   268                           fsr0h	equ	0xFEA
   269                           fsr0l	equ	0xFE9
   270                           fsr1h	equ	0xFE2
   271                           fsr1l	equ	0xFE1
   272                           fsr2h	equ	0xFDA
   273                           fsr2l	equ	0xFD9
   274                           pclatu	equ	0xFFB
   275                           pclath	equ	0xFFA
   276                           tblptru	equ	0xFF8
   277                           tblptrh	equ	0xFF7
   278                           tblptrl	equ	0xFF6
   279                           tablat	equ	0xFF5
   280                           prodh	equ	0xFF4
   281                           prodl	equ	0xFF3
   282                           intcon	equ	0xFF2
   283                           fsr0h	equ	0xFEA
   284                           fsr0l	equ	0xFE9
   285                           fsr1h	equ	0xFE2
   286                           fsr1l	equ	0xFE1
   287                           fsr2h	equ	0xFDA
   288                           fsr2l	equ	0xFD9
   289                           
   290                           	psect	rparam
   291  0000                     pclatu	equ	0xFFB
   292                           pclath	equ	0xFFA
   293                           tblptru	equ	0xFF8
   294                           tblptrh	equ	0xFF7
   295                           tblptrl	equ	0xFF6
   296                           tablat	equ	0xFF5
   297                           prodh	equ	0xFF4
   298                           prodl	equ	0xFF3
   299                           intcon	equ	0xFF2
   300                           fsr0h	equ	0xFEA
   301                           fsr0l	equ	0xFE9
   302                           fsr1h	equ	0xFE2
   303                           fsr1l	equ	0xFE1
   304                           fsr2h	equ	0xFDA
   305                           fsr2l	equ	0xFD9
   306                           
   307                           	psect	temp
   308  000010                     btemp:
   309                           	opt stack 0
   310  000010                     	ds	1
   311  0000                     int$flags	set	btemp
   312                           pclatu	equ	0xFFB
   313                           pclath	equ	0xFFA
   314                           tblptru	equ	0xFF8
   315                           tblptrh	equ	0xFF7
   316                           tblptrl	equ	0xFF6
   317                           tablat	equ	0xFF5
   318                           prodh	equ	0xFF4
   319                           prodl	equ	0xFF3
   320                           intcon	equ	0xFF2
   321                           fsr0h	equ	0xFEA
   322                           fsr0l	equ	0xFE9
   323                           fsr1h	equ	0xFE2
   324                           fsr1l	equ	0xFE1
   325                           fsr2h	equ	0xFDA
   326                           fsr2l	equ	0xFD9


Data Sizes:
    Strings     0
    Constant    18
    Data        0
    BSS         0
    Persistent  0
    Stack       0

Auto Spaces:
    Space          Size  Autos    Used
    COMRAM           94     15      15
    BANK0           160      0       0
    BANK1           256      0       0
    BANK2           256      0       0
    BANK3           256      0       0
    BANK4           256      0       0
    BANK5           256      0       0
    BANK6           256      0       0
    BANK7           256      0       0

Pointer List with Targets:

    None.

Critical Paths under _main in COMRAM

    None.

Critical Paths under _clockcounter in COMRAM

    None.

Critical Paths under _main in BANK0

    None.

Critical Paths under _clockcounter in BANK0

    None.

Critical Paths under _main in BANK1

    None.

Critical Paths under _clockcounter in BANK1

    None.

Critical Paths under _main in BANK2

    None.

Critical Paths under _clockcounter in BANK2

    None.

Critical Paths under _main in BANK3

    None.

Critical Paths under _clockcounter in BANK3

    None.

Critical Paths under _main in BANK4

    None.

Critical Paths under _clockcounter in BANK4

    None.

Critical Paths under _main in BANK5

    None.

Critical Paths under _clockcounter in BANK5

    None.

Critical Paths under _main in BANK6

    None.

Critical Paths under _clockcounter in BANK6

    None.

Critical Paths under _main in BANK7

    None.

Critical Paths under _clockcounter in BANK7

    None.

Call Graph Tables:

 ---------------------------------------------------------------------------------
 (Depth) Function   	        Calls       Base Space   Used Autos Params    Refs
 ---------------------------------------------------------------------------------
 (0) _main                                                 0     0      0       0
 ---------------------------------------------------------------------------------
 Estimated maximum stack depth 0
 ---------------------------------------------------------------------------------
 (Depth) Function   	        Calls       Base Space   Used Autos Params    Refs
 ---------------------------------------------------------------------------------
 (1) _clockcounter                                        15    15      0       0
                                              0 COMRAM    15    15      0
 ---------------------------------------------------------------------------------
 Estimated maximum stack depth 1
 ---------------------------------------------------------------------------------

 Call Graph Graphs:

 _main (ROOT)

 _clockcounter (ROOT)

 Address spaces:
Name               Size   Autos  Total    Cost      Usage
BITCOMRAM           5E      0       0       0        0.0%
EEDATA             100      0       0       0        0.0%
NULL                 0      0       0       0        0.0%
CODE                 0      0       0       0        0.0%
COMRAM              5E      F       F       1       16.0%
STACK                0      0       0       2        0.0%
DATA                 0      0       0       3        0.0%
BITBANK0            A0      0       0       4        0.0%
BANK0               A0      0       0       5        0.0%
BITBANK1           100      0       0       6        0.0%
BANK1              100      0       0       7        0.0%
BITBANK2           100      0       0       8        0.0%
BANK2              100      0       0       9        0.0%
BITBANK3           100      0       0      10        0.0%
BANK3              100      0       0      11        0.0%
BITBANK4           100      0       0      12        0.0%
BANK4              100      0       0      13        0.0%
BITBANK5           100      0       0      14        0.0%
BANK5              100      0       0      15        0.0%
BITBANK6           100      0       0      16        0.0%
BANK6              100      0       0      17        0.0%
BITBANK7           100      0       0      18        0.0%
BANK7              100      0       0      19        0.0%
ABS                  0      0       0      20        0.0%
BIGRAM             7FF      0       0      21        0.0%
BITSFR               0      0       0      40        0.0%
SFR                  0      0       0      40        0.0%


Microchip Technology PIC18 Macro Assembler V1.35 build -356382666 
Symbol Table                                                                                   Sat Jul 25 02:12:32 2020

         ??_clockcounter 0001              getkey@F4444 101B                     i2l78 106A  
                   _main 10D4                     fsr0h 000FEA                     fsr1h 000FE2  
                   fsr0l 000FE9                     fsr2h 000FDA                     fsr1l 000FE1  
                   fsr2l 000FD9                     btemp 0010                     pclat 000FFA  
                   prodh 000FF4                     prodl 000FF3                     start 1016  
           ___param_bank 000010                    ?_main 0001                    _T0CON 000FD5  
                  _TMR0H 000FD7                    _TMR0L 000FD6                    _PORTB 000F81  
                  _PORTD 000F83                    _TRISD 000F95                    tablat 000FF5  
        __initialization 10C2             __end_of_main 10E2                   ??_main 0010  
          __activetblptr 000001     __end_of_clockcounter 10C2             __mediumconst 0000  
                 tblptrh 000FF7                   tblptrl 000FF6                   tblptru 000FF8  
             __accesstop 0060  __end_of__initialization 10C2            ___rparam_used 000001  
         __pcstackCOMRAM 0001                  i2u13_40 1076                  i2u13_46 1078  
  __size_of_clockcounter 00BA                  __Hparam 0000                  __Lparam 0000  
           __psmallconst 101A                  __pcinit 10C2                  __ramtop 0800  
                __ptext0 10D4             _clockcounter 1008           __pintcode_body 102E  
   end_of_initialization 10C2                  int_func 102E                _PORTBbits 000F81  
              _PORTDbits 000F83                _TRISDbits 000F95      start_initialization 10C2  
              __pintcode 1008              __smallconst 101A                 __Hrparam 0000  
               __Lrparam 0000             __Lsmallconst 101A            __size_of_main 000E  
               int$flags 0010               _INTCONbits 000FF2                 intlevel2 0000  
    __end_ofgetkey@F4444 102D            ?_clockcounter 0001  
